<?xml version="1.0" encoding="UTF-8"?>
<!-- Generated by org.testng.reporters.JUnitXMLReporter -->
<testsuite ignored="1" hostname="Haritas-MacBook-Pro.local" failures="0" tests="1" name="Default test" time="9.247" errors="0" timestamp="2024-12-11T00:18:49 PST">
  <testcase classname="com.testng.testcase.LoginTest" name="validlogin" time="4.477"/>
  <testcase classname="com.testng.testcase.LoginTest" name="loginwithinvalidpassword" time="0.0">
    <ignored/>
  </testcase> <!-- loginwithinvalidpassword -->
</testsuite> <!-- Default test -->
