<?xml version="1.0" encoding="UTF-8"?>
<!-- Generated by org.testng.reporters.JUnitXMLReporter -->
<testsuite ignored="4" hostname="Haritas-MacBook-Pro.local" failures="0" tests="1" name="Default test" time="25.674" errors="0" timestamp="2025-01-12T12:20:32 PST">
  <testcase classname="com.testng.testcase.LeadsTest" name="CreateOpty_TC22" time="9.309"/>
  <testcase classname="com.testng.testcase.LeadsTest" name="CreateOpty_TC24" time="0.0">
    <ignored/>
  </testcase> <!-- CreateOpty_TC24 -->
  <testcase classname="com.testng.testcase.LeadsTest" name="CreateOpty_TC23" time="0.0">
    <ignored/>
  </testcase> <!-- CreateOpty_TC23 -->
  <testcase classname="com.testng.testcase.LeadsTest" name="CreateOpty_TC20" time="0.0">
    <ignored/>
  </testcase> <!-- CreateOpty_TC20 -->
  <testcase classname="com.testng.testcase.LeadsTest" name="CreateOpty_TC21" time="0.0">
    <ignored/>
  </testcase> <!-- CreateOpty_TC21 -->
</testsuite> <!-- Default test -->
