<?xml version="1.0" encoding="UTF-8"?>
<!-- Generated by org.testng.reporters.JUnitXMLReporter -->
<testsuite ignored="0" hostname="Haritas-MacBook-Pro.local" failures="0" tests="3" name="Login" time="26.317" errors="0" timestamp="2024-12-14T05:04:54 PST">
  <testcase classname="com.testng.testcase.LoginTest" name="loginwithinvalidpassword" time="1.468"/>
  <testcase classname="com.testng.testcase.LoginTest" name="validlogin" time="3.909"/>
  <testcase classname="com.testng.testcase.HomeTest" name="clickonhomebutton" time="10.838"/>
</testsuite> <!-- Login -->
