<?xml version="1.0" encoding="UTF-8"?>
<!-- Generated by org.testng.reporters.JUnitXMLReporter -->
<testsuite ignored="0" hostname="Haritas-MacBook-Pro.local" failures="0" tests="3" name="Login" time="25.409" errors="0" timestamp="2024-12-23T01:06:35 PST">
  <testcase classname="com.testng.testcase.LoginTest" name="loginwithinvalidpassword" time="1.032"/>
  <testcase classname="com.testng.testcase.LoginTest" name="validlogin" time="4.487"/>
  <testcase classname="com.testng.testcase.HomeTest" name="clickonhomebutton" time="7.3"/>
</testsuite> <!-- Login -->
