<?xml version="1.0" encoding="UTF-8"?>
<testsuite xmlns:xsi="http://www.w3.org/2001/XMLSchema-instance" xsi:noNamespaceSchemaLocation="https://maven.apache.org/surefire/maven-surefire-plugin/xsd/surefire-test-report.xsd" version="3.0.2" name="TestSuite" time="98.365" tests="7" errors="0" skipped="0" failures="0">
  <properties>
[...]
</properties>
  <testcase name="forgotpassword_tc04a" classname="com.testng.testcase.LoginTest" time="3.223">
    <system-err><![CDATA[SLF4J(W): No SLF4J providers were found.
SLF4J(W): Defaulting to no-operation (NOP) logger implementation
SLF4J(W): See https://www.slf4j.org/codes.html#noProviders for further details.
Starting ChromeDriver 131.0.6778.264 (2d05e31515360f4da764174f7c448b33e36da871-refs/branch-heads/6778@{#4323}) on port 18186
Only local connections are allowed.
Please see https://chromedriver.chromium.org/security-considerations for suggestions on keeping ChromeDriver safe.
ChromeDriver was started successfully on port 18186.
Jan 19, 2025 4:34:00 PM org.openqa.selenium.remote.ProtocolHandshake createSession
INFO: Detected dialect: W3C
]]></system-err>
  </testcase>
  <testcase name="forgotpassword_tc04b" classname="com.testng.testcase.LoginTest" time="1.838">
    <system-err><![CDATA[Starting ChromeDriver 131.0.6778.264 (2d05e31515360f4da764174f7c448b33e36da871-refs/branch-heads/6778@{#4323}) on port 13534
Only local connections are allowed.
Please see https://chromedriver.chromium.org/security-considerations for suggestions on keeping ChromeDriver safe.
ChromeDriver was started successfully on port 13534.
Jan 19, 2025 4:34:10 PM org.openqa.selenium.remote.ProtocolHandshake createSession
INFO: Detected dialect: W3C
]]></system-err>
  </testcase>
  <testcase name="loginrememberme_tc03" classname="com.testng.testcase.LoginTest" time="19.142">
    <system-err><![CDATA[Starting ChromeDriver 131.0.6778.264 (2d05e31515360f4da764174f7c448b33e36da871-refs/branch-heads/6778@{#4323}) on port 23374
Only local connections are allowed.
Please see https://chromedriver.chromium.org/security-considerations for suggestions on keeping ChromeDriver safe.
ChromeDriver was started successfully on port 23374.
Jan 19, 2025 4:34:17 PM org.openqa.selenium.remote.ProtocolHandshake createSession
INFO: Detected dialect: W3C
]]></system-err>
  </testcase>
  <testcase name="loginwithinvalidpassword" classname="com.testng.testcase.LoginTest" time="3.452">
    <system-err><![CDATA[Starting ChromeDriver 131.0.6778.264 (2d05e31515360f4da764174f7c448b33e36da871-refs/branch-heads/6778@{#4323}) on port 29126
Only local connections are allowed.
Please see https://chromedriver.chromium.org/security-considerations for suggestions on keeping ChromeDriver safe.
ChromeDriver was started successfully on port 29126.
Jan 19, 2025 4:34:45 PM org.openqa.selenium.remote.ProtocolHandshake createSession
INFO: Detected dialect: W3C
]]></system-err>
  </testcase>
  <testcase name="loginwithoutpassword_tc01" classname="com.testng.testcase.LoginTest" time="1.532">
    <system-err><![CDATA[Starting ChromeDriver 131.0.6778.264 (2d05e31515360f4da764174f7c448b33e36da871-refs/branch-heads/6778@{#4323}) on port 19414
Only local connections are allowed.
Please see https://chromedriver.chromium.org/security-considerations for suggestions on keeping ChromeDriver safe.
ChromeDriver was started successfully on port 19414.
Jan 19, 2025 4:34:55 PM org.openqa.selenium.remote.ProtocolHandshake createSession
INFO: Detected dialect: W3C
]]></system-err>
  </testcase>
  <testcase name="validlogin_tc02" classname="com.testng.testcase.LoginTest" time="8.352">
    <system-err><![CDATA[Starting ChromeDriver 131.0.6778.264 (2d05e31515360f4da764174f7c448b33e36da871-refs/branch-heads/6778@{#4323}) on port 44714
Only local connections are allowed.
Please see https://chromedriver.chromium.org/security-considerations for suggestions on keeping ChromeDriver safe.
ChromeDriver was started successfully on port 44714.
Jan 19, 2025 4:35:02 PM org.openqa.selenium.remote.ProtocolHandshake createSession
INFO: Detected dialect: W3C
]]></system-err>
  </testcase>
  <testcase name="clickonhomebutton" classname="com.testng.testcase.HomeTest" time="8.268">
    <system-err><![CDATA[Starting ChromeDriver 131.0.6778.264 (2d05e31515360f4da764174f7c448b33e36da871-refs/branch-heads/6778@{#4323}) on port 10909
Only local connections are allowed.
Please see https://chromedriver.chromium.org/security-considerations for suggestions on keeping ChromeDriver safe.
ChromeDriver was started successfully on port 10909.
Jan 19, 2025 4:35:19 PM org.openqa.selenium.remote.ProtocolHandshake createSession
INFO: Detected dialect: W3C
]]></system-err>
  </testcase>
</testsuite>