<?xml version="1.0" encoding="UTF-8"?>
<testng-results ignored="0" total="3" passed="3" failed="0" skipped="0">
  <reporter-output>
  </reporter-output>
  <suite started-at="2024-12-14T05:04:27 PST" name="Automation" finished-at="2024-12-14T05:04:54 PST" duration-ms="26317">
    <groups>
    </groups>
    <test started-at="2024-12-14T05:04:27 PST" name="Login" finished-at="2024-12-14T05:04:54 PST" duration-ms="26317">
      <class name="com.testng.testcase.HomeTest">
        <test-method is-config="true" signature="beforeMethod()[pri:0, instance:com.testng.testcase.HomeTest@71809907]" started-at="2024-12-14T05:04:40 PST" name="beforeMethod" finished-at="2024-12-14T05:04:43 PST" duration-ms="2470" status="PASS">
          <reporter-output>
          </reporter-output>
        </test-method> <!-- beforeMethod -->
        <test-method signature="clickonhomebutton()[pri:0, instance:com.testng.testcase.HomeTest@71809907]" started-at="2024-12-14T05:04:43 PST" name="clickonhomebutton" finished-at="2024-12-14T05:04:54 PST" duration-ms="10838" status="PASS">
          <reporter-output>
          </reporter-output>
        </test-method> <!-- clickonhomebutton -->
        <test-method is-config="true" signature="teardown()[pri:0, instance:com.testng.testcase.HomeTest@71809907]" started-at="2024-12-14T05:04:54 PST" name="teardown" finished-at="2024-12-14T05:04:54 PST" duration-ms="153" status="PASS">
          <reporter-output>
          </reporter-output>
        </test-method> <!-- teardown -->
      </class> <!-- com.testng.testcase.HomeTest -->
      <class name="com.testng.testcase.LoginTest">
        <test-method is-config="true" signature="beforeMethod()[pri:0, instance:com.testng.testcase.LoginTest@647e447]" started-at="2024-12-14T05:04:27 PST" name="beforeMethod" finished-at="2024-12-14T05:04:31 PST" duration-ms="3282" status="PASS">
          <reporter-output>
          </reporter-output>
        </test-method> <!-- beforeMethod -->
        <test-method signature="loginwithinvalidpassword()[pri:0, instance:com.testng.testcase.LoginTest@647e447]" started-at="2024-12-14T05:04:31 PST" name="loginwithinvalidpassword" finished-at="2024-12-14T05:04:32 PST" duration-ms="1468" status="PASS">
          <reporter-output>
          </reporter-output>
        </test-method> <!-- loginwithinvalidpassword -->
        <test-method is-config="true" signature="teardown()[pri:0, instance:com.testng.testcase.LoginTest@647e447]" started-at="2024-12-14T05:04:32 PST" name="teardown" finished-at="2024-12-14T05:04:33 PST" duration-ms="574" status="PASS">
          <reporter-output>
          </reporter-output>
        </test-method> <!-- teardown -->
        <test-method is-config="true" signature="beforeMethod()[pri:0, instance:com.testng.testcase.LoginTest@647e447]" started-at="2024-12-14T05:04:33 PST" name="beforeMethod" finished-at="2024-12-14T05:04:36 PST" duration-ms="2988" status="PASS">
          <reporter-output>
          </reporter-output>
        </test-method> <!-- beforeMethod -->
        <test-method signature="validlogin()[pri:0, instance:com.testng.testcase.LoginTest@647e447]" started-at="2024-12-14T05:04:36 PST" name="validlogin" finished-at="2024-12-14T05:04:40 PST" duration-ms="3909" status="PASS">
          <reporter-output>
          </reporter-output>
        </test-method> <!-- validlogin -->
        <test-method is-config="true" signature="teardown()[pri:0, instance:com.testng.testcase.LoginTest@647e447]" started-at="2024-12-14T05:04:40 PST" name="teardown" finished-at="2024-12-14T05:04:40 PST" duration-ms="572" status="PASS">
          <reporter-output>
          </reporter-output>
        </test-method> <!-- teardown -->
      </class> <!-- com.testng.testcase.LoginTest -->
    </test> <!-- Login -->
  </suite> <!-- Automation -->
</testng-results>
