<?xml version="1.0" encoding="UTF-8"?>
<!-- Generated by org.testng.reporters.JUnitXMLReporter -->
<testsuite ignored="0" hostname="Haritas-MacBook-Pro.local" failures="0" tests="3" name="Login" time="55.683" errors="0" timestamp="2024-12-14T15:34:24 PST">
  <testcase classname="com.testng.testcase.LoginTest" name="loginwithinvalidpassword" time="3.931"/>
  <testcase classname="com.testng.testcase.LoginTest" name="validlogin" time="10.685"/>
  <testcase classname="com.testng.testcase.HomeTest" name="clickonhomebutton" time="12.611"/>
</testsuite> <!-- Login -->
