<?xml version="1.0" encoding="UTF-8"?>
<!-- Generated by org.testng.reporters.JUnitXMLReporter -->
<testsuite ignored="0" hostname="Haritas-MacBook-Pro.local" failures="0" tests="7" name="Login" time="97.282" errors="0" timestamp="2025-01-19T16:35:30 PST">
  <testcase classname="com.testng.testcase.LoginTest" name="forgotpassword_tc04a" time="3.216"/>
  <testcase classname="com.testng.testcase.LoginTest" name="forgotpassword_tc04b" time="1.838"/>
  <testcase classname="com.testng.testcase.LoginTest" name="loginrememberme_tc03" time="19.138"/>
  <testcase classname="com.testng.testcase.LoginTest" name="loginwithinvalidpassword" time="3.453"/>
  <testcase classname="com.testng.testcase.LoginTest" name="loginwithoutpassword_tc01" time="1.532"/>
  <testcase classname="com.testng.testcase.LoginTest" name="validlogin_tc02" time="8.366"/>
  <testcase classname="com.testng.testcase.HomeTest" name="clickonhomebutton" time="8.268"/>
</testsuite> <!-- Login -->
